Performing C SOURCE FILE Test CMAKE_HAVE_LIBC_PTHREAD failed with the following output:
Change Dir: /home/shiraiwa/myg4work/B4-build/CMakeFiles/CMakeTmp

Run Build Command(s):/usr/bin/make cmTC_d69c1/fast && /usr/bin/make  -f CMakeFiles/cmTC_d69c1.dir/build.make CMakeFiles/cmTC_d69c1.dir/build
make[1]: ディレクトリ '/home/shiraiwa/myg4work/B4-build/CMakeFiles/CMakeTmp' に入ります
Building C object CMakeFiles/cmTC_d69c1.dir/src.c.o
/usr/bin/cc   -DCMAKE_HAVE_LIBC_PTHREAD -o CMakeFiles/cmTC_d69c1.dir/src.c.o -c /home/shiraiwa/myg4work/B4-build/CMakeFiles/CMakeTmp/src.c
Linking C executable cmTC_d69c1
/usr/bin/cmake -E cmake_link_script CMakeFiles/cmTC_d69c1.dir/link.txt --verbose=1
/usr/bin/cc  -DCMAKE_HAVE_LIBC_PTHREAD CMakeFiles/cmTC_d69c1.dir/src.c.o -o cmTC_d69c1 
/usr/bin/ld: CMakeFiles/cmTC_d69c1.dir/src.c.o: in function `main':
src.c:(.text+0x2f): undefined reference to `pthread_create'
/usr/bin/ld: src.c:(.text+0x3b): undefined reference to `pthread_detach'
/usr/bin/ld: src.c:(.text+0x47): undefined reference to `pthread_cancel'
/usr/bin/ld: src.c:(.text+0x58): undefined reference to `pthread_join'
collect2: error: ld returned 1 exit status
make[1]: *** [CMakeFiles/cmTC_d69c1.dir/build.make:106: cmTC_d69c1] エラー 1
make[1]: ディレクトリ '/home/shiraiwa/myg4work/B4-build/CMakeFiles/CMakeTmp' から出ます
make: *** [Makefile:140: cmTC_d69c1/fast] エラー 2


Source file was:
#include <pthread.h>

void* test_func(void* data)
{
  return data;
}

int main(void)
{
  pthread_t thread;
  pthread_create(&thread, NULL, test_func, NULL);
  pthread_detach(thread);
  pthread_cancel(thread);
  pthread_join(thread, NULL);
  pthread_atfork(NULL, NULL, NULL);
  pthread_exit(NULL);

  return 0;
}

